<?xml version="1.0" encoding="UTF-8"?>
<testsuite xmlns:xsi="http://www.w3.org/2001/XMLSchema-instance" xsi:noNamespaceSchemaLocation="https://maven.apache.org/surefire/maven-surefire-plugin/xsd/surefire-test-report-3.0.xsd" version="3.0" name="runners.TestRunner" time="138.062" tests="4" errors="0" skipped="0" failures="0">
  <properties>
[...]
</properties>
  <testcase name="guest user search for a lesson and go to worksheet section #1" classname="01_Search | Test web searching" time="36.598">
    <system-out><![CDATA[
@search
Scenario Outline: guest user search for a lesson and go to worksheet section &amp#27;[90m# src/test/java/features/Search.feature:11&amp#27;[0m
  &amp#27;[32mGiven &amp#27;[0m&amp#27;[32muser open the website&amp#27;[0m                                                &amp#27;[90m# steps.S01_SearchSteps.userOpenTheWebsite()&amp#27;[0m
  &amp#27;[32mWhen &amp#27;[0m&amp#27;[32muser write &amp#27;[0m&amp#27;[32m&amp#27;[1m"addition"&amp#27;[0m&amp#27;[32m in search field&amp#27;[0m                                 &amp#27;[90m# steps.S01_SearchSteps.userSearch(java.lang.String)&amp#27;[0m
Hi from search pagehttps://www.nagwa.com/en/search/?q=addition
The Number Of Search Results 100
  &amp#27;[32mAnd &amp#27;[0m&amp#27;[32muser select second search result &amp#27;[0m&amp#27;[32m&amp#27;[1m"addition"&amp#27;[0m                            &amp#27;[90m# steps.S01_SearchSteps.userSelectSecondSearchResult(java.lang.String)&amp#27;[0m
  &amp#27;[32mAnd &amp#27;[0m&amp#27;[32muser go to worksheet section&amp#27;[0m                                           &amp#27;[90m# steps.S01_SearchSteps.userGoToWorksheetSection()&amp#27;[0m
Number of Questions is 10  &amp#27;[32mThen &amp#27;[0m&amp#27;[32mquestions displayed&amp#27;[0m                                                   &amp#27;[90m# steps.S01_SearchSteps.questionsDisplayed()&amp#27;[0m
]]></system-out>
    <system-err><![CDATA[SLF4J: Failed to load class "org.slf4j.impl.StaticLoggerBinder".
SLF4J: Defaulting to no-operation (NOP) logger implementation
SLF4J: See http://www.slf4j.org/codes.html#StaticLoggerBinder for further details.
Starting ChromeDriver 105.0.5195.52 (412c95e518836d8a7d97250d62b29c2ae6a26a85-refs/branch-heads/5195@{#853}) on port 53285
Only local connections are allowed.
Please see https://chromedriver.chromium.org/security-considerations for suggestions on keeping ChromeDriver safe.
ChromeDriver was started successfully.
Sep 11, 2022 8:33:32 PM org.openqa.selenium.remote.ProtocolHandshake createSession
INFO: Detected upstream dialect: W3C
Sep 11, 2022 8:33:33 PM org.openqa.selenium.devtools.CdpVersionFinder findNearestMatch
WARNING: Unable to find an exact match for CDP version 105, so returning the closest version found: 104
Sep 11, 2022 8:33:33 PM org.openqa.selenium.devtools.CdpVersionFinder findNearestMatch
INFO: Found CDP implementation for version 105 of 104
]]></system-err>
  </testcase>
  <testcase name="guest user search for a lesson and go to worksheet section #2" classname="01_Search | Test web searching" time="38.552">
    <system-out><![CDATA[
@search
Scenario Outline: guest user search for a lesson and go to worksheet section &amp#27;[90m# src/test/java/features/Search.feature:12&amp#27;[0m
  &amp#27;[32mGiven &amp#27;[0m&amp#27;[32muser open the website&amp#27;[0m                                                &amp#27;[90m# steps.S01_SearchSteps.userOpenTheWebsite()&amp#27;[0m
  &amp#27;[32mWhen &amp#27;[0m&amp#27;[32muser write &amp#27;[0m&amp#27;[32m&amp#27;[1m"subtraction"&amp#27;[0m&amp#27;[32m in search field&amp#27;[0m                              &amp#27;[90m# steps.S01_SearchSteps.userSearch(java.lang.String)&amp#27;[0m
Hi from search pagehttps://www.nagwa.com/en/search/?q=subtraction
The Number Of Search Results 100
  &amp#27;[32mAnd &amp#27;[0m&amp#27;[32muser select second search result &amp#27;[0m&amp#27;[32m&amp#27;[1m"subtraction"&amp#27;[0m                         &amp#27;[90m# steps.S01_SearchSteps.userSelectSecondSearchResult(java.lang.String)&amp#27;[0m
  &amp#27;[32mAnd &amp#27;[0m&amp#27;[32muser go to worksheet section&amp#27;[0m                                           &amp#27;[90m# steps.S01_SearchSteps.userGoToWorksheetSection()&amp#27;[0m
Number of Questions is 8  &amp#27;[32mThen &amp#27;[0m&amp#27;[32mquestions displayed&amp#27;[0m                                                   &amp#27;[90m# steps.S01_SearchSteps.questionsDisplayed()&amp#27;[0m
]]></system-out>
    <system-err><![CDATA[Starting ChromeDriver 105.0.5195.52 (412c95e518836d8a7d97250d62b29c2ae6a26a85-refs/branch-heads/5195@{#853}) on port 52602
Only local connections are allowed.
Please see https://chromedriver.chromium.org/security-considerations for suggestions on keeping ChromeDriver safe.
ChromeDriver was started successfully.
Sep 11, 2022 8:34:11 PM org.openqa.selenium.remote.ProtocolHandshake createSession
INFO: Detected upstream dialect: W3C
Sep 11, 2022 8:34:11 PM org.openqa.selenium.devtools.CdpVersionFinder findNearestMatch
WARNING: Unable to find an exact match for CDP version 105, so returning the closest version found: 104
Sep 11, 2022 8:34:11 PM org.openqa.selenium.devtools.CdpVersionFinder findNearestMatch
INFO: Found CDP implementation for version 105 of 104
]]></system-err>
  </testcase>
  <testcase name="guest user search for a lesson and go to worksheet section #3" classname="01_Search | Test web searching" time="28.387">
    <system-out><![CDATA[
@search
Scenario Outline: guest user search for a lesson and go to worksheet section &amp#27;[90m# src/test/java/features/Search.feature:13&amp#27;[0m
  &amp#27;[32mGiven &amp#27;[0m&amp#27;[32muser open the website&amp#27;[0m                                                &amp#27;[90m# steps.S01_SearchSteps.userOpenTheWebsite()&amp#27;[0m
  &amp#27;[32mWhen &amp#27;[0m&amp#27;[32muser write &amp#27;[0m&amp#27;[32m&amp#27;[1m"multiplication"&amp#27;[0m&amp#27;[32m in search field&amp#27;[0m                           &amp#27;[90m# steps.S01_SearchSteps.userSearch(java.lang.String)&amp#27;[0m
Hi from search pagehttps://www.nagwa.com/en/search/?q=multiplication
The Number Of Search Results 100
  &amp#27;[32mAnd &amp#27;[0m&amp#27;[32muser select second search result &amp#27;[0m&amp#27;[32m&amp#27;[1m"multiplication"&amp#27;[0m                      &amp#27;[90m# steps.S01_SearchSteps.userSelectSecondSearchResult(java.lang.String)&amp#27;[0m
  &amp#27;[32mAnd &amp#27;[0m&amp#27;[32muser go to worksheet section&amp#27;[0m                                           &amp#27;[90m# steps.S01_SearchSteps.userGoToWorksheetSection()&amp#27;[0m
Number of Questions is 9  &amp#27;[32mThen &amp#27;[0m&amp#27;[32mquestions displayed&amp#27;[0m                                                   &amp#27;[90m# steps.S01_SearchSteps.questionsDisplayed()&amp#27;[0m
]]></system-out>
    <system-err><![CDATA[Starting ChromeDriver 105.0.5195.52 (412c95e518836d8a7d97250d62b29c2ae6a26a85-refs/branch-heads/5195@{#853}) on port 54151
Only local connections are allowed.
Please see https://chromedriver.chromium.org/security-considerations for suggestions on keeping ChromeDriver safe.
ChromeDriver was started successfully.
Sep 11, 2022 8:34:46 PM org.openqa.selenium.remote.ProtocolHandshake createSession
INFO: Detected upstream dialect: W3C
Sep 11, 2022 8:34:46 PM org.openqa.selenium.devtools.CdpVersionFinder findNearestMatch
WARNING: Unable to find an exact match for CDP version 105, so returning the closest version found: 104
Sep 11, 2022 8:34:46 PM org.openqa.selenium.devtools.CdpVersionFinder findNearestMatch
INFO: Found CDP implementation for version 105 of 104
]]></system-err>
  </testcase>
  <testcase name="guest user search for a lesson and go to worksheet section #4" classname="01_Search | Test web searching" time="32.709">
    <system-out><![CDATA[
@search
Scenario Outline: guest user search for a lesson and go to worksheet section &amp#27;[90m# src/test/java/features/Search.feature:14&amp#27;[0m
  &amp#27;[32mGiven &amp#27;[0m&amp#27;[32muser open the website&amp#27;[0m                                                &amp#27;[90m# steps.S01_SearchSteps.userOpenTheWebsite()&amp#27;[0m
  &amp#27;[32mWhen &amp#27;[0m&amp#27;[32muser write &amp#27;[0m&amp#27;[32m&amp#27;[1m"division"&amp#27;[0m&amp#27;[32m in search field&amp#27;[0m                                 &amp#27;[90m# steps.S01_SearchSteps.userSearch(java.lang.String)&amp#27;[0m
Hi from search pagehttps://www.nagwa.com/en/search/?q=division
The Number Of Search Results 100
  &amp#27;[32mAnd &amp#27;[0m&amp#27;[32muser select second search result &amp#27;[0m&amp#27;[32m&amp#27;[1m"division"&amp#27;[0m                            &amp#27;[90m# steps.S01_SearchSteps.userSelectSecondSearchResult(java.lang.String)&amp#27;[0m
  &amp#27;[32mAnd &amp#27;[0m&amp#27;[32muser go to worksheet section&amp#27;[0m                                           &amp#27;[90m# steps.S01_SearchSteps.userGoToWorksheetSection()&amp#27;[0m
Number of Questions is 10  &amp#27;[32mThen &amp#27;[0m&amp#27;[32mquestions displayed&amp#27;[0m                                                   &amp#27;[90m# steps.S01_SearchSteps.questionsDisplayed()&amp#27;[0m
]]></system-out>
    <system-err><![CDATA[Starting ChromeDriver 105.0.5195.52 (412c95e518836d8a7d97250d62b29c2ae6a26a85-refs/branch-heads/5195@{#853}) on port 55189
Only local connections are allowed.
Please see https://chromedriver.chromium.org/security-considerations for suggestions on keeping ChromeDriver safe.
ChromeDriver was started successfully.
Sep 11, 2022 8:35:10 PM org.openqa.selenium.remote.ProtocolHandshake createSession
INFO: Detected upstream dialect: W3C
Sep 11, 2022 8:35:10 PM org.openqa.selenium.devtools.CdpVersionFinder findNearestMatch
WARNING: Unable to find an exact match for CDP version 105, so returning the closest version found: 104
Sep 11, 2022 8:35:10 PM org.openqa.selenium.devtools.CdpVersionFinder findNearestMatch
INFO: Found CDP implementation for version 105 of 104
]]></system-err>
  </testcase>
</testsuite>